<?xml version="1.0" encoding="UTF-8"?>
<!-- Generated by org.testng.reporters.JUnitReportReporter -->
<testsuite hostname="Sanju" failures="0" tests="1" name="P4_ParsingJSONData.ParsingJSONResponseData" time="1.057" errors="0" timestamp="2025-01-01T08:12:27 IST" skipped="0">
  <testcase classname="P4_ParsingJSONData.ParsingJSONResponseData" name="getAllTitlesFromResponse" time="1.057"/>
  <system-out/>
</testsuite> <!-- P4_ParsingJSONData.ParsingJSONResponseData -->
