<?xml version="1.0" encoding="UTF-8"?>
<!-- Generated by org.testng.reporters.JUnitReportReporter -->
<testsuite hostname="Sanju" failures="0" tests="1" name="P2_DiffrentWaysOfCreatingPostRequestBody.Ex4_Using_POJOClass" time="1.183" errors="0" timestamp="2024-12-29T07:52:56 IST" skipped="0">
  <testcase classname="P2_DiffrentWaysOfCreatingPostRequestBody.Ex4_Using_POJOClass" name="TC1_CreateNewStudentDetails" time="1.183"/>
  <system-out/>
</testsuite> <!-- P2_DiffrentWaysOfCreatingPostRequestBody.Ex4_Using_POJOClass -->
