<?xml version="1.0" encoding="UTF-8"?>
<!-- Generated by org.testng.reporters.JUnitReportReporter -->
<testsuite hostname="Sanju" failures="0" tests="1" name="P1_BasicHTTPRequests.ex4_deleteRequest_Students" time="1.028" errors="0" timestamp="2024-12-28T08:03:02 IST" skipped="0">
  <testcase classname="P1_BasicHTTPRequests.ex4_deleteRequest_Students" name="TC1_deleteStudnestData" time="1.028"/>
  <system-out/>
</testsuite> <!-- P1_BasicHTTPRequests.ex4_deleteRequest_Students -->
