<?xml version="1.0" encoding="UTF-8"?>
<!-- Generated by org.testng.reporters.JUnitReportReporter -->
<testsuite hostname="Sanju" failures="0" tests="1" name="P7_Serialization_And_DeSerialization.ex2_serialization_Deserialization_employee" time="1.042" errors="0" timestamp="2025-01-04T08:09:31 IST" skipped="0">
  <testcase classname="P7_Serialization_And_DeSerialization.ex2_serialization_Deserialization_employee" name="TC3_deserialize_WIth_MultipleData" time="1.042"/>
  <system-out/>
</testsuite> <!-- P7_Serialization_And_DeSerialization.ex2_serialization_Deserialization_employee -->
