<?xml version="1.0" encoding="UTF-8"?>
<!-- Generated by org.testng.reporters.JUnitReportReporter -->
<testsuite hostname="Sanju" failures="0" tests="1" name="P3_Logging_Path_And_QueryParameters_Cookies_Headers.Ex2_PathParameter_QueryParameter" time="1.259" errors="0" timestamp="2024-12-30T07:33:46 IST" skipped="0">
  <testcase classname="P3_Logging_Path_And_QueryParameters_Cookies_Headers.Ex2_PathParameter_QueryParameter" name="PathQueryParameter2" time="1.259"/>
  <system-out/>
</testsuite> <!-- P3_Logging_Path_And_QueryParameters_Cookies_Headers.Ex2_PathParameter_QueryParameter -->
