<?xml version="1.0" encoding="UTF-8"?>
<!-- Generated by org.testng.reporters.JUnitReportReporter -->
<testsuite hostname="Sanju" failures="0" tests="4" name="P6_Request_Response_Specification.Ex1_WithoutRequestResponseSpecBuilder" time="1.857" errors="0" timestamp="2025-01-06T07:22:39 IST" skipped="0">
  <testcase classname="P6_Request_Response_Specification.Ex1_WithoutRequestResponseSpecBuilder" name="TC1_postStudentDatails" time="1.704"/>
  <system-out/>
  <testcase classname="P6_Request_Response_Specification.Ex1_WithoutRequestResponseSpecBuilder" name="TC2_getSpecificStudentDatails" time="0.103"/>
  <system-out/>
  <testcase classname="P6_Request_Response_Specification.Ex1_WithoutRequestResponseSpecBuilder" name="TC3_UpdateSpecificStudentDatails" time="0.031"/>
  <system-out/>
  <testcase classname="P6_Request_Response_Specification.Ex1_WithoutRequestResponseSpecBuilder" name="TC3_DeeleteSpecificStudentDatails" time="0.019"/>
  <system-out/>
</testsuite> <!-- P6_Request_Response_Specification.Ex1_WithoutRequestResponseSpecBuilder -->
