<?xml version="1.0" encoding="UTF-8"?>
<!-- Generated by org.testng.reporters.JUnitReportReporter -->
<testsuite hostname="Sanju" failures="0" tests="1" name="P2_DiffrentWaysOfCreatingPostRequestBody.ex1_UsingMap" time="1.806" errors="0" timestamp="2024-12-29T07:18:22 IST" skipped="0">
  <testcase classname="P2_DiffrentWaysOfCreatingPostRequestBody.ex1_UsingMap" name="TC1_CreateNewStudentDetails" time="1.806"/>
  <system-out/>
</testsuite> <!-- P2_DiffrentWaysOfCreatingPostRequestBody.ex1_UsingMap -->
