<?xml version="1.0" encoding="UTF-8"?>
<!-- Generated by org.testng.reporters.JUnitReportReporter -->
<testsuite hostname="Sanju" failures="0" tests="4" name="P6_Request_Response_Specification.Ex3_WitRequestResponseSpecBuilder" time="1.359" errors="0" timestamp="2025-01-03T08:02:44 IST" skipped="0">
  <testcase classname="P6_Request_Response_Specification.Ex3_WitRequestResponseSpecBuilder" name="TC1_postStudentDatails" time="1.218"/>
  <system-out/>
  <testcase classname="P6_Request_Response_Specification.Ex3_WitRequestResponseSpecBuilder" name="TC2_getSpecificStudentDatails" time="0.095"/>
  <system-out/>
  <testcase classname="P6_Request_Response_Specification.Ex3_WitRequestResponseSpecBuilder" name="TC3_UpdateSpecificStudentDatails" time="0.020"/>
  <system-out/>
  <testcase classname="P6_Request_Response_Specification.Ex3_WitRequestResponseSpecBuilder" name="TC4_DeeleteSpecificStudentDatails" time="0.026"/>
  <system-out/>
</testsuite> <!-- P6_Request_Response_Specification.Ex3_WitRequestResponseSpecBuilder -->
