<?xml version="1.0" encoding="UTF-8"?>
<!-- Generated by org.testng.reporters.JUnitReportReporter -->
<testsuite hostname="Sanju" failures="0" tests="1" name="P1_BasicHTTPRequests.ex3_PutRequest_Students" time="1.210" errors="0" timestamp="2024-12-28T07:58:48 IST" skipped="0">
  <testcase classname="P1_BasicHTTPRequests.ex3_PutRequest_Students" name="TC1_CreateNewStudentDetails" time="1.210"/>
  <system-out/>
</testsuite> <!-- P1_BasicHTTPRequests.ex3_PutRequest_Students -->
