<?xml version="1.0" encoding="UTF-8"?>
<!-- Generated by org.testng.reporters.JUnitReportReporter -->
<testsuite hostname="Sanju" failures="0" tests="3" name="P1_BasicHTTPRequests.ex1_getRequest_Students" time="1.067" errors="0" timestamp="2024-12-28T07:32:43 IST" skipped="0">
  <testcase classname="P1_BasicHTTPRequests.ex1_getRequest_Students" name="TC1_getAllStudnestData" time="1.038"/>
  <system-out/>
  <testcase classname="P1_BasicHTTPRequests.ex1_getRequest_Students" name="TC2_getSingleStudnestData" time="0.013"/>
  <system-out/>
  <testcase classname="P1_BasicHTTPRequests.ex1_getRequest_Students" name="TC3_getInvalidSingleStudnestData" time="0.016"/>
  <system-out/>
</testsuite> <!-- P1_BasicHTTPRequests.ex1_getRequest_Students -->
