<?xml version="1.0" encoding="UTF-8"?>
<!-- Generated by org.testng.reporters.JUnitReportReporter -->
<testsuite hostname="Sanju" failures="0" tests="1" name="P7_Serialization_And_DeSerialization.ex3_serialization_Deserialization_Friends" time="0.054" errors="0" timestamp="2025-01-04T08:18:22 IST" skipped="0">
  <testcase classname="P7_Serialization_And_DeSerialization.ex3_serialization_Deserialization_Friends" name="DeSerialization" time="0.054"/>
  <system-out/>
</testsuite> <!-- P7_Serialization_And_DeSerialization.ex3_serialization_Deserialization_Friends -->
