<?xml version="1.0" encoding="UTF-8"?>
<!-- Generated by org.testng.reporters.JUnitReportReporter -->
<testsuite hostname="Sanju" failures="0" tests="2" name="P11_DataProvider.Sample1" time="0.010" errors="0" timestamp="2025-01-07T07:55:30 IST" skipped="0">
  <testcase classname="P11_DataProvider.Sample1" name="TC1" time="0.008"/>
  <system-out/>
  <testcase classname="P11_DataProvider.Sample1" name="TC1" time="0.002"/>
  <system-out/>
</testsuite> <!-- P11_DataProvider.Sample1 -->
