<?xml version="1.0" encoding="UTF-8"?>
<!-- Generated by org.testng.reporters.JUnitReportReporter -->
<testsuite hostname="Sanju" failures="0" tests="1" name="P1_BasicHTTPRequests.ex2_postRequest_Students" time="1.211" errors="0" timestamp="2024-12-28T07:53:07 IST" skipped="0">
  <testcase classname="P1_BasicHTTPRequests.ex2_postRequest_Students" name="TC1_CreateNewStudentDetails" time="1.211"/>
  <system-out/>
</testsuite> <!-- P1_BasicHTTPRequests.ex2_postRequest_Students -->
