<?xml version="1.0" encoding="UTF-8"?>
<!-- Generated by org.testng.reporters.JUnitReportReporter -->
<testsuite hostname="Sanju" failures="0" tests="1" name="P10_TypesOfAuthorizations.Ex1_Basic_Auththentication" time="4.090" errors="0" timestamp="2025-01-07T07:28:26 IST" skipped="0">
  <testcase classname="P10_TypesOfAuthorizations.Ex1_Basic_Auththentication" name="basicAuth" time="4.090"/>
  <system-out/>
</testsuite> <!-- P10_TypesOfAuthorizations.Ex1_Basic_Auththentication -->
