<?xml version="1.0" encoding="UTF-8"?>
<!-- Generated by org.testng.reporters.JUnitReportReporter -->
<testsuite hostname="Sanju" failures="0" tests="3" name="P6_Request_Response_Specification.Ex1_WithoutRequestResponseSpecBuilder" time="1.990" errors="0" timestamp="2025-01-03T07:42:32 IST" skipped="0">
  <testcase classname="P6_Request_Response_Specification.Ex1_WithoutRequestResponseSpecBuilder" name="TC1_postStudentDatails" time="1.849"/>
  <system-out/>
  <testcase classname="P6_Request_Response_Specification.Ex1_WithoutRequestResponseSpecBuilder" name="TC2_getSpecificStudentDatails" time="0.111"/>
  <system-out/>
  <testcase classname="P6_Request_Response_Specification.Ex1_WithoutRequestResponseSpecBuilder" name="TC3_UpdateSpecificStudentDatails" time="0.030"/>
  <system-out/>
</testsuite> <!-- P6_Request_Response_Specification.Ex1_WithoutRequestResponseSpecBuilder -->
