<?xml version="1.0" encoding="UTF-8"?>
<!-- Generated by org.testng.reporters.JUnitReportReporter -->
<testsuite hostname="Sanju" failures="0" tests="1" name="P3_Logging_Path_And_QueryParameters_Cookies_Headers.Ex3_Cookies" time="1.673" errors="0" timestamp="2024-12-30T07:53:48 IST" skipped="0">
  <testcase classname="P3_Logging_Path_And_QueryParameters_Cookies_Headers.Ex3_Cookies" name="getAllCookiesInfo" time="1.673"/>
  <system-out/>
</testsuite> <!-- P3_Logging_Path_And_QueryParameters_Cookies_Headers.Ex3_Cookies -->
