<?xml version="1.0" encoding="UTF-8"?>
<!-- Generated by org.testng.reporters.JUnitReportReporter -->
<testsuite hostname="Sanju" failures="0" tests="1" name="P4_ParsingJSONData.ParsingJSONResponseData" time="1.663" errors="0" timestamp="2024-12-31T08:03:06 IST" skipped="0">
  <testcase classname="P4_ParsingJSONData.ParsingJSONResponseData" name="testJSONResponse1" time="1.663"/>
  <system-out/>
</testsuite> <!-- P4_ParsingJSONData.ParsingJSONResponseData -->
