<?xml version="1.0" encoding="UTF-8"?>
<!-- Generated by org.testng.reporters.JUnitReportReporter -->
<testsuite hostname="Sanju" failures="0" tests="1" name="P3_Logging_Path_And_QueryParameters_Cookies_Headers.Ex1_Logging" time="1.243" errors="0" timestamp="2024-12-30T07:17:11 IST" skipped="0">
  <testcase classname="P3_Logging_Path_And_QueryParameters_Cookies_Headers.Ex1_Logging" name="getLogs" time="1.243"/>
  <system-out/>
</testsuite> <!-- P3_Logging_Path_And_QueryParameters_Cookies_Headers.Ex1_Logging -->
