<?xml version="1.0" encoding="UTF-8"?>
<!-- Generated by org.testng.reporters.JUnitReportReporter -->
<testsuite hostname="Sanju" failures="0" tests="1" name="P3_Logging_Path_And_QueryParameters_Cookies_Headers.Ex4_Headers" time="2.392" errors="0" timestamp="2024-12-31T07:37:24 IST" skipped="0">
  <testcase classname="P3_Logging_Path_And_QueryParameters_Cookies_Headers.Ex4_Headers" name="getAllHeadersInfo" time="2.392"/>
  <system-out/>
</testsuite> <!-- P3_Logging_Path_And_QueryParameters_Cookies_Headers.Ex4_Headers -->
