<?xml version="1.0" encoding="UTF-8"?>
<!-- Generated by org.testng.reporters.JUnitReportReporter -->
<testsuite hostname="Sanju" failures="0" tests="1" name="P5_Schema_Validations.ex1_JSONSchemaValidation" time="1.338" errors="0" timestamp="2025-01-02T07:53:00 IST" skipped="0">
  <testcase classname="P5_Schema_Validations.ex1_JSONSchemaValidation" name="jsonSchemaValidation" time="1.338"/>
  <system-out/>
</testsuite> <!-- P5_Schema_Validations.ex1_JSONSchemaValidation -->
