<?xml version="1.0" encoding="UTF-8"?>
<!-- Generated by org.testng.reporters.JUnitReportReporter -->
<testsuite hostname="Sanju" failures="0" tests="4" name="P6_Request_Response_Specification.Ex2_WitRequestResponseSpecBuilder" time="1.332" errors="0" timestamp="2025-01-03T07:52:15 IST" skipped="0">
  <testcase classname="P6_Request_Response_Specification.Ex2_WitRequestResponseSpecBuilder" name="TC1_postStudentDatails" time="1.205"/>
  <system-out/>
  <testcase classname="P6_Request_Response_Specification.Ex2_WitRequestResponseSpecBuilder" name="TC2_getSpecificStudentDatails" time="0.093"/>
  <system-out/>
  <testcase classname="P6_Request_Response_Specification.Ex2_WitRequestResponseSpecBuilder" name="TC3_UpdateSpecificStudentDatails" time="0.021"/>
  <system-out/>
  <testcase classname="P6_Request_Response_Specification.Ex2_WitRequestResponseSpecBuilder" name="TC3_DeeleteSpecificStudentDatails" time="0.013"/>
  <system-out/>
</testsuite> <!-- P6_Request_Response_Specification.Ex2_WitRequestResponseSpecBuilder -->
