<?xml version="1.0" encoding="UTF-8"?>
<!-- Generated by org.testng.reporters.JUnitReportReporter -->
<testsuite hostname="Sanju" failures="0" tests="1" name="P9_FakerLibrary_APIChaining.FakeDataGenerator" time="0.190" errors="0" timestamp="2025-01-06T07:31:16 IST" skipped="0">
  <testcase classname="P9_FakerLibrary_APIChaining.FakeDataGenerator" name="FakerLibraryDataGenerator" time="0.190"/>
  <system-out/>
</testsuite> <!-- P9_FakerLibrary_APIChaining.FakeDataGenerator -->
