<?xml version="1.0" encoding="UTF-8"?>
<!-- Generated by org.testng.reporters.JUnitReportReporter -->
<testsuite hostname="Sanju" failures="0" tests="1" name="Test_Module.ReqResTest" time="0.013" errors="0" timestamp="2025-01-09T07:42:38 IST" skipped="0">
  <testcase classname="Test_Module.ReqResTest" name="name" time="0.013"/>
  <system-out/>
</testsuite> <!-- Test_Module.ReqResTest -->
