<?xml version="1.0" encoding="UTF-8"?>
<!-- Generated by org.testng.reporters.JUnitReportReporter -->
<testsuite hostname="Sanju" failures="0" tests="1" name="P11_DataProvider.StudentsTest" time="0.009" errors="0" timestamp="2025-01-09T08:31:19 IST" skipped="0">
  <testcase classname="P11_DataProvider.StudentsTest" name="TC2" time="0.009"/>
  <system-out/>
</testsuite> <!-- P11_DataProvider.StudentsTest -->
